[35m[Appium][39m Welcome to Appium v1.22.3
[35m[Appium][39m Non-default server args:
[35m[Appium][39m   port: 62326
[35m[Appium][39m   loglevel: info
[35m[Appium][39m   tmpDir: C:\Users\KUKUHW~1\AppData\Local\Temp\\Katalon\Appium\Temp1673800267029
[35m[Appium][39m   chromedriverPort: 62327
[35m[Appium][39m Deprecated server args:
[35m[Appium][39m   [31m--chromedriver-port[39m => --default-capabilities
[35m[Appium][39m Default capabilities, which will be added to each request unless overridden by desired capabilities:
[35m[Appium][39m   chromedriverPort: 62327
[35m[Appium][39m Appium REST http interface listener started on 0.0.0.0:62326
[35m[HTTP][39m [37m-->[39m [37mGET[39m [37m/wd/hub/status[39m
[35m[HTTP][39m [90m{}[39m
[35m[HTTP][39m [37m<-- GET /wd/hub/status [39m[32m200[39m [90m5 ms - 68[39m
[35m[HTTP][39m [90m[39m
[35m[HTTP][39m [37m-->[39m [37mGET[39m [37m/wd/hub/status[39m
[35m[HTTP][39m [90m{}[39m
[35m[HTTP][39m [37m<-- GET /wd/hub/status [39m[32m200[39m [90m1 ms - 68[39m
[35m[HTTP][39m [90m[39m
[35m[HTTP][39m [37m-->[39m [37mPOST[39m [37m/wd/hub/session[39m
[35m[HTTP][39m [90m{"desiredCapabilities":{"app":"C:\\Users\\kukuh wicaksono\\Downloads\\kf_mobile_dev_stabilisasi_2.apk","noReset":true,"deviceName":"emulator-5554 (Android SDK built for x86 - Android 8.1.0)","fullReset":false,"platform":"ANDROID","newCommandTimeout":1800,"platformVersion":"8.1.0","automationName":"uiautomator2","autoGrantPermissions":true,"platformName":"Android","udid":"emulator-5554","systemPort":62332},"capabilities":{"firstMatch":[{"appium:app":"C:\\Users\\kukuh wicaksono\\Downloads\\kf_mobile_dev_stabilisasi_2.apk","appium:autoGrantPermissions":true,"appium:automationName":"uiautomator2","appium:deviceName":"emulator-5554 (Android SDK built for x86 - Android 8.1.0)","appium:fullReset":false,"appium:newCommandTimeout":1800,"appium:noReset":true,"platform":"ANDROID","platformName":"android","appium:platformVersion":"8.1.0","appium:systemPort":62332,"appium:udid":"emulator-5554"}]}}[39m
[35m[BaseDriver][39m The following capabilities are not standard capabilities and should have an extension prefix:
[35m[BaseDriver][39m   platform
[35m[BaseDriver][39m   chromedriverPort
[35m[Appium][39m Appium v1.22.3 creating new AndroidUiautomator2Driver (v1.70.1) session
[35m[BaseDriver][39m The following capabilities were provided, but are not recognized by Appium:
[35m[BaseDriver][39m   platform
[35m[BaseDriver][39m Session created with session id: 73d1e457-3dbc-47bb-8ae4-88c5df56589c
[35m[BaseDriver][39m Using local app 'C:\Users\kukuh wicaksono\Downloads\kf_mobile_dev_stabilisasi_2.apk'
[35m[ADB][39m Found 1 'build-tools' folders under 'C:\Users\kukuh wicaksono\.katalon\tools\android_sdk' (newest first):
[35m[ADB][39m     C:/Users/kukuh wicaksono/.katalon/tools/android_sdk/build-tools/29.0.3
[35m[ADB][39m Using 'adb.exe' from 'C:\Users\kukuh wicaksono\.katalon\tools\android_sdk\platform-tools\adb.exe'
[35m[AndroidDriver][39m Retrieving device list
[35m[AndroidDriver][39m Using device: emulator-5554
[35m[ADB][39m Using 'adb.exe' from 'C:\Users\kukuh wicaksono\.katalon\tools\android_sdk\platform-tools\adb.exe'
[35m[ADB][39m Package name: 'com.kimiafarma.online.debug'
[35m[ADB][39m Main activity name: 'com.peentar.kf.view.activity.SplashActivity'
[35m[ADB][39m Using 'apksigner.jar' from 'C:\Users\kukuh wicaksono\.katalon\tools\android_sdk\build-tools\29.0.3\lib\apksigner.jar'
[35m[ADB][39m 'C:\Users\kukuh wicaksono\AppData\Roaming\npm\node_modules\appium\node_modules\appium-uiautomator2-server\apks\appium-uiautomator2-server-v4.27.0.apk' is signed with the default certificate
[35m[ADB][39m 'C:\Users\kukuh wicaksono\AppData\Roaming\npm\node_modules\appium\node_modules\appium-uiautomator2-server\apks\appium-uiautomator2-server-debug-androidTest.apk' is signed with the default certificate
[35m[UiAutomator2][39m Server packages are not going to be (re)installed
[35m[ADB][39m Adding packages ["io.appium.settings","io.appium.uiautomator2.server","io.appium.uiautomator2.server.test"] to Doze whitelist
[35m[ADB][39m 'C:\Users\kukuh wicaksono\Downloads\kf_mobile_dev_stabilisasi_2.apk' is signed with a non-default certificate
[35m[ADB][39m The application at 'C:\Users\kukuh wicaksono\Downloads\kf_mobile_dev_stabilisasi_2.apk' will not be cached, because the device under test has confirmed the support of streamed installs
[35m[ADB][39m The installation of 'kf_mobile_dev_stabilisasi_2.apk' took 11217ms
[35m[UiAutomator2][39m Starting UIAutomator2 server 4.27.0
[35m[UiAutomator2][39m Using UIAutomator2 server from 'C:\Users\kukuh wicaksono\AppData\Roaming\npm\node_modules\appium\node_modules\appium-uiautomator2-server\apks\appium-uiautomator2-server-v4.27.0.apk' and test from 'C:\Users\kukuh wicaksono\AppData\Roaming\npm\node_modules\appium\node_modules\appium-uiautomator2-server\apks\appium-uiautomator2-server-debug-androidTest.apk'
[35m[UiAutomator2][39m Waiting up to 30000ms for UiAutomator2 to be online...
[35m[WD Proxy][39m socket hang up
[35m[WD Proxy][39m socket hang up
[35m[WD Proxy][39m Determined the downstream protocol as 'W3C'
[35m[AndroidDriver][39m Screen already unlocked, doing nothing
[35m[UiAutomator2][39m Starting 'com.kimiafarma.online.debug/com.peentar.kf.view.activity.SplashActivity and waiting for 'com.kimiafarma.online.debug/com.peentar.kf.view.activity.SplashActivity'
[35m[Appium][39m New AndroidUiautomator2Driver session created successfully, session 73d1e457-3dbc-47bb-8ae4-88c5df56589c added to master session list
[35m[HTTP][39m [37m<-- POST /wd/hub/session [39m[32m200[39m [90m20600 ms - 1360[39m
[35m[HTTP][39m [90m[39m
[35m[HTTP][39m [37m-->[39m [37mGET[39m [37m/wd/hub/session/73d1e457-3dbc-47bb-8ae4-88c5df56589c[39m
[35m[HTTP][39m [90m{}[39m
[35m[HTTP][39m [37m<-- GET /wd/hub/session/73d1e457-3dbc-47bb-8ae4-88c5df56589c [39m[32m200[39m [90m19 ms - 1314[39m
[35m[HTTP][39m [90m[39m
[35m[HTTP][39m [37m-->[39m [37mGET[39m [37m/wd/hub/session/73d1e457-3dbc-47bb-8ae4-88c5df56589c[39m
[35m[HTTP][39m [90m{}[39m
[35m[HTTP][39m [37m<-- GET /wd/hub/session/73d1e457-3dbc-47bb-8ae4-88c5df56589c [39m[32m200[39m [90m14 ms - 1314[39m
[35m[HTTP][39m [90m[39m
[35m[HTTP][39m [37m-->[39m [37mGET[39m [37m/wd/hub/status[39m
[35m[HTTP][39m [90m{}[39m
[35m[HTTP][39m [37m<-- GET /wd/hub/status [39m[32m200[39m [90m1 ms - 68[39m
[35m[HTTP][39m [90m[39m
[35m[HTTP][39m [37m-->[39m [37mPOST[39m [37m/wd/hub/session/73d1e457-3dbc-47bb-8ae4-88c5df56589c/timeouts[39m
[35m[HTTP][39m [90m{"implicit":60000}[39m
[35m[HTTP][39m [37m<-- POST /wd/hub/session/73d1e457-3dbc-47bb-8ae4-88c5df56589c/timeouts [39m[32m200[39m [90m3 ms - 14[39m
[35m[HTTP][39m [90m[39m
[35m[HTTP][39m [37m-->[39m [37mGET[39m [37m/wd/hub/session/73d1e457-3dbc-47bb-8ae4-88c5df56589c/source[39m
[35m[HTTP][39m [90m{}[39m
[35m[W3C (73d1e457)][39m Driver proxy active, passing request on via HTTP proxy
[35m[WD Proxy][39m Replacing sessionId d5f05d22-fa78-403d-8f84-0c3bae3e151d with 73d1e457-3dbc-47bb-8ae4-88c5df56589c
[35m[HTTP][39m [37m<-- GET /wd/hub/session/73d1e457-3dbc-47bb-8ae4-88c5df56589c/source [39m[32m200[39m [90m337 ms - 2391[39m
[35m[HTTP][39m [90m[39m
[35m[HTTP][39m [37m-->[39m [37mGET[39m [37m/wd/hub/session/73d1e457-3dbc-47bb-8ae4-88c5df56589c/screenshot[39m
[35m[HTTP][39m [90m{}[39m
[35m[HTTP][39m [37m<-- GET /wd/hub/session/73d1e457-3dbc-47bb-8ae4-88c5df56589c/screenshot [39m[32m200[39m [90m735 ms - 1422326[39m
[35m[HTTP][39m [90m[39m
[35m[HTTP][39m [37m-->[39m [37mDELETE[39m [37m/wd/hub/session/73d1e457-3dbc-47bb-8ae4-88c5df56589c[39m
[35m[HTTP][39m [90m{}[39m
[35m[Appium][39m Removing session 73d1e457-3dbc-47bb-8ae4-88c5df56589c from our master session list
